Arguments: 
  C:\Program Files\nodejs\node.exe C:\Program Files (x86)\Yarn\bin\yarn.js add bootstrap

PATH: 
  C:\Windows\system32;C:\Windows;C:\Windows\System32\Wbem;C:\Windows\System32\WindowsPowerShell\v1.0\;C:\Windows\System32\OpenSSH\;C:\Program Files\Intel\WiFi\bin\;C:\Program Files\Common Files\Intel\WirelessCommon\;C:\Program Files (x86)\NVIDIA Corporation\PhysX\Common;C:\Program Files\NVIDIA Corporation\NVIDIA NvDLISR;C:\Program Files (x86)\Yarn\bin\;C:\Program Files\nodejs\;C:\Program Files\Git\cmd;C:\Program Files\dotnet\;%SystemRoot%\system32;%SystemRoot%;%SystemRoot%\System32\Wbem;%SYSTEMROOT%\System32\WindowsPowerShell\v1.0\;%SYSTEMROOT%\System32\OpenSSH\;C:\Ruby27-x64\bin;C:\Users\Max\AppData\Local\Microsoft\WindowsApps;C:\Users\Max\AppData\Local\Programs\Microsoft VS Code\bin;C:\Users\Max\AppData\Local\GitHubDesktop\bin;C:\Program Files\Intel\WiFi\bin\;C:\Program Files\Common Files\Intel\WirelessCommon\;C:\Users\Max\AppData\Local\Yarn\bin;C:\Users\Max\AppData\Roaming\npm;C:\Users\Max\AppData\Local\atom\bin;C:\Users\Max\OneDrive\Desktop\openjdk-15+36_windows-x64_bin\jdk-15\bin;C:\Users\Max\.dotnet\tools;C:\Users\Max\AppData\Local\Microsoft\WindowsApps;

Yarn version: 
  1.22.5

Node version: 
  14.15.1

Platform: 
  win32 x64

Trace: 
  Error: UNKNOWN: unknown error, read

npm manifest: 
  {
    "name": "StudentEat",
    "version": "1.0.0",
    "main": "index.js",
    "repository": "https://github.com/MaxRennie/StudentEat.git",
    "author": "Max Rennie <Maxfrennie123@gmail.com>",
    "license": "MIT",
    "dependencies": {
      "@glidejs/glide": "^3.4.1",
      "bootstrap": "^5.1.1",
      "jquery": "^3.6.0",
      "yarn": "^1.22.15"
    }
  }

yarn manifest: 
  No manifest

Lockfile: 
  # THIS IS AN AUTOGENERATED FILE. DO NOT EDIT THIS FILE DIRECTLY.
  # yarn lockfile v1
  
  
  "@glidejs/glide@^3.4.1":
    version "3.4.1"
    resolved "https://registry.yarnpkg.com/@glidejs/glide/-/glide-3.4.1.tgz#8ad21f3169076e32bbfd75ed0753807662c25e90"
    integrity sha512-C34AEcK1HjSyxilRToUL54I6KAoodojUbeRlXoruobZuG0eGm8xfDL+3kgkWj7AJK4EZtunSOYfoqMp70eDtwg==
  
  bootstrap@^5.1.1:
    version "5.1.1"
    resolved "https://registry.yarnpkg.com/bootstrap/-/bootstrap-5.1.1.tgz#9d6eed81e08feaccedf3adaca51fe4b73a2871df"
    integrity sha512-/jUa4sSuDZWlDLQ1gwQQR8uoYSvLJzDd8m5o6bPKh3asLAMYVZKdRCjb1joUd5WXf0WwCNzd2EjwQQhupou0dA==
  
  jquery@^3.6.0:
    version "3.6.0"
    resolved "https://registry.yarnpkg.com/jquery/-/jquery-3.6.0.tgz#c72a09f15c1bdce142f49dbf1170bdf8adac2470"
    integrity sha512-JVzAR/AjBvVt2BmYhxRCSYysDsPcssdmTFnzyLEts9qNwmjmu4JTAMYubEfwVOSwpQ1I1sKKFcxhZCI2buerfw==
